生成启动时间为 2016/2/24 16:43:51。
     1>项目“C:\Users\lsy\Documents\Visual Studio 2013\Projects\stock_analyzer\stock_analyzer\stock_analyzer.vcxproj”在节点 2 上(Build 个目标)。
     1>CustomBuild:
         Moc'ing stock_analyzer.h...
     1>C:\Program Files (x86)\MSBuild\Microsoft.Cpp\v4.0\V120\Microsoft.CppBuild.targets(935,5): warning MSB8027: Two or more files with the name of moc_stock_analyzer.cpp will produce outputs to the same location. This can lead to an incorrect build result.  The files involved are GeneratedFiles\Debug\moc_stock_analyzer.cpp, GeneratedFiles\Release\moc_stock_analyzer.cpp.
       ClCompile:
         C:\Program Files (x86)\Microsoft Visual Studio 12.0\VC\bin\x86_amd64\CL.exe /c /I.\GeneratedFiles /I. /IC:\Qt\Qt5.5.0\5.5\msvc2013_64\include /I.\GeneratedFiles\Debug /IC:\Qt\Qt5.5.0\5.5\msvc2013_64\include\QtCore /IC:\Qt\Qt5.5.0\5.5\msvc2013_64\include\QtGui /IC:\Qt\Qt5.5.0\5.5\msvc2013_64\include\QtNetwork /IC:\Qt\Qt5.5.0\5.5\msvc2013_64\include\QtWidgets /IC:\Qt\Qt5.5.0\5.5\msvc2013_64\include\QtSql /IC:\Qt\Qt5.5.0\5.5\msvc2013_64\include\QtXml /IC:\Qt\Qt5.5.0\5.5\msvc2013_64\include\QtXmlPatterns /I"C:\Program Files\MATLAB\MATLAB Production Server\R2015a\extern\include" /IC:\Users\lsy\codegen\lib\bayecurvefitting /Zi /nologo /W1 /WX- /Od /D UNICODE /D WIN32 /D WIN64 /D QT_DLL /D QT_CORE_LIB /D QT_GUI_LIB /D QT_NETWORK_LIB /D QT_WIDGETS_LIB /D QT_SQL_LIB /D QT_XML_LIB /D QT_XMLPATTERNS_LIB /Gm- /EHsc /MDd /GS /fp:precise /Zc:wchar_t /Zc:forScope /Fo"x64\Debug\\" /Fd"x64\Debug\vc120.pdb" /Gd /TP /errorReport:prompt GeneratedFiles\Debug\moc_stock_analyzer.cpp main.cpp stock_analyzer.cpp
         moc_stock_analyzer.cpp
         main.cpp
         stock_analyzer.cpp
         正在生成代码...
       Link:
         C:\Program Files (x86)\Microsoft Visual Studio 12.0\VC\bin\x86_amd64\link.exe /ERRORREPORT:PROMPT /OUT:"C:\Users\lsy\Documents\Visual Studio 2013\Projects\stock_analyzer\x64\Debug\\stock_analyzer.exe" /NOLOGO /LIBPATH:C:\Qt\Qt5.5.0\5.5\msvc2013_64\lib /LIBPATH:"C:\Program Files\MATLAB\MATLAB Production Server\R2015a\extern\lib\win64\microsoft" qtmaind.lib Qt5Cored.lib Qt5Guid.lib Qt5Networkd.lib Qt5Widgetsd.lib Qt5Sqld.lib Qt5Xmld.lib Qt5XmlPatternsd.lib libmx.lib libmex.lib libeng.lib kernel32.lib user32.lib gdi32.lib winspool.lib comdlg32.lib advapi32.lib shell32.lib ole32.lib oleaut32.lib uuid.lib odbc32.lib odbccp32.lib /MANIFEST /MANIFESTUAC:"level='asInvoker' uiAccess='false'" /manifest:embed /DEBUG /PDB:"C:\Users\lsy\Documents\Visual Studio 2013\Projects\stock_analyzer\x64\Debug\stock_analyzer.pdb" /SUBSYSTEM:WINDOWS /TLBID:1 /DYNAMICBASE /NXCOMPAT /IMPLIB:"C:\Users\lsy\Documents\Visual Studio 2013\Projects\stock_analyzer\x64\Debug\stock_analyzer.lib" /MACHINE:X64 x64\Debug\bayecurvefitting.obj
         x64\Debug\bayecurvefitting_initialize.obj
         x64\Debug\bayecurvefitting_terminate.obj
         x64\Debug\mpower.obj
         x64\Debug\rtGetInf.obj
         x64\Debug\rtGetNaN.obj
         x64\Debug\rt_nonfinite.obj
         x64\Debug\moc_stock_analyzer.obj
         x64\Debug\qrc_stock_analyzer.obj
         x64\Debug\main.obj
         x64\Debug\stock_analyzer.obj
         stock_analyzer.vcxproj -> C:\Users\lsy\Documents\Visual Studio 2013\Projects\stock_analyzer\x64\Debug\stock_analyzer.exe
     1>已完成生成项目“C:\Users\lsy\Documents\Visual Studio 2013\Projects\stock_analyzer\stock_analyzer\stock_analyzer.vcxproj”(Build 个目标)的操作。

生成成功。

已用时间 00:00:06.66
