生成启动时间为 2016/2/17 21:16:40。
     1>项目“c:\Users\lsy\documents\visual studio 2013\Projects\stock_analyzer\stock_analyzer\stock_analyzer.vcxproj”在节点 2 上(Build 个目标)。
     1>CustomBuild:
         Moc'ing stock_analyzer.h...
         Uic'ing stock_analyzer.ui...
         Rcc'ing stock_analyzer.qrc...
     1>RCC : warning : No resources in 'c:\Users\lsy\documents\visual studio 2013\Projects\stock_analyzer\stock_analyzer\stock_analyzer.qrc'.
         
     1>C:\Program Files (x86)\MSBuild\Microsoft.Cpp\v4.0\V120\Microsoft.CppBuild.targets(935,5): warning MSB8027: Two or more files with the name of moc_stock_analyzer.cpp will produce outputs to the same location. This can lead to an incorrect build result.  The files involved are GeneratedFiles\Debug\moc_stock_analyzer.cpp, GeneratedFiles\Release\moc_stock_analyzer.cpp.
       ClCompile:
         C:\Program Files (x86)\Microsoft Visual Studio 12.0\VC\bin\CL.exe /c /I.\GeneratedFiles /I. /IC:\Qt\5.4\msvc2013_64\include /I.\GeneratedFiles\Debug /IC:\Qt\5.4\msvc2013_64\include\QtCore /IC:\Qt\5.4\msvc2013_64\include\QtGui /IC:\Qt\5.4\msvc2013_64\include\QtNetwork /IC:\Qt\5.4\msvc2013_64\include\QtWidgets /Zi /nologo /W1 /WX- /Od /Oy- /D UNICODE /D WIN32 /D WIN64 /D QT_DLL /D QT_CORE_LIB /D QT_GUI_LIB /D QT_NETWORK_LIB /D QT_WIDGETS_LIB /Gm- /EHsc /MDd /GS /fp:precise /Zc:wchar_t /Zc:forScope /Fo"Debug\\" /Fd"Debug\vc120.pdb" /Gd /TP /analyze- /errorReport:prompt GeneratedFiles\Debug\moc_stock_analyzer.cpp main.cpp stock_analyzer.cpp
         moc_stock_analyzer.cpp
         main.cpp
         stock_analyzer.cpp
         正在生成代码...
         C:\Program Files (x86)\Microsoft Visual Studio 12.0\VC\bin\CL.exe /c /I.\GeneratedFiles /I. /IC:\Qt\5.4\msvc2013_64\include /I.\GeneratedFiles\Debug /IC:\Qt\5.4\msvc2013_64\include\QtCore /IC:\Qt\5.4\msvc2013_64\include\QtGui /IC:\Qt\5.4\msvc2013_64\include\QtNetwork /IC:\Qt\5.4\msvc2013_64\include\QtWidgets /Zi /nologo /W1 /WX- /Od /Oy- /D UNICODE /D WIN32 /D WIN64 /D QT_DLL /D QT_CORE_LIB /D QT_GUI_LIB /D QT_NETWORK_LIB /D QT_WIDGETS_LIB /Gm- /EHsc /MDd /GS /fp:precise /Zc:wchar_t /Zc:forScope /Fo"Debug\\" /Fd"Debug\vc120.pdb" /Gd /TP /analyze- /errorReport:prompt GeneratedFiles\qrc_stock_analyzer.cpp
         qrc_stock_analyzer.cpp
       Link:
         C:\Program Files (x86)\Microsoft Visual Studio 12.0\VC\bin\link.exe /ERRORREPORT:PROMPT /OUT:"c:\users\lsy\documents\visual studio 2013\Projects\stock_analyzer\Win32\Debug\\stock_analyzer.exe" /NOLOGO /LIBPATH:C:\Qt\5.4\msvc2013_64\lib qtmaind.lib Qt5Cored.lib Qt5Guid.lib Qt5Networkd.lib Qt5Widgetsd.lib kernel32.lib user32.lib gdi32.lib winspool.lib comdlg32.lib advapi32.lib shell32.lib ole32.lib oleaut32.lib uuid.lib odbc32.lib odbccp32.lib /MANIFEST /MANIFESTUAC:"level='asInvoker' uiAccess='false'" /manifest:embed /DEBUG /PDB:"c:\users\lsy\documents\visual studio 2013\Projects\stock_analyzer\Win32\Debug\stock_analyzer.pdb" /SUBSYSTEM:WINDOWS /TLBID:1 /DYNAMICBASE /NXCOMPAT /IMPLIB:"c:\users\lsy\documents\visual studio 2013\Projects\stock_analyzer\Win32\Debug\stock_analyzer.lib" /MACHINE:X86 /SAFESEH Debug\moc_stock_analyzer.obj
         Debug\qrc_stock_analyzer.obj
         Debug\main.obj
         Debug\stock_analyzer.obj
     1>Qt5Widgetsd.lib(Qt5Widgetsd.dll) : fatal error LNK1112: 模块计算机类型“x64”与目标计算机类型“X86”冲突
     1>已完成生成项目“c:\Users\lsy\documents\visual studio 2013\Projects\stock_analyzer\stock_analyzer\stock_analyzer.vcxproj”(Build 个目标)的操作 - 失败。

生成失败。

已用时间 00:00:14.81
